[2024-09-10 15:16:03] - INFO: 面要素转化为点要素
[2024-09-10 15:16:03] - INFO: 大范围、远距离 状态下的可达性计算
[2024-09-10 15:16:05] - INFO: 计算点要素位于多少个要素的缓冲区内，并根据缓冲距离加权计分，正在迭代计算，请稍候！
[2024-09-10 15:16:05] - INFO: 计算点要素位于多少个要素的缓冲区内，并根据缓冲距离加权计分，正在迭代计算，请稍候！
[2024-09-10 15:16:06] - INFO: 计算点要素位于多少个要素的缓冲区内，并根据缓冲距离加权计分，正在迭代计算，请稍候！
[2024-09-10 15:16:06] - INFO: 计算点要素位于多少个要素的缓冲区内，并根据缓冲距离加权计分，正在迭代计算，请稍候！
[2024-09-10 15:16:07] - INFO: 大范围、远距离 状态下的可达性计算
[2024-09-10 15:16:09] - INFO: 计算点要素位于多少个要素的缓冲区内，并根据缓冲距离加权计分，正在迭代计算，请稍候！
[2024-09-10 15:16:09] - INFO: 计算点要素位于多少个要素的缓冲区内，并根据缓冲距离加权计分，正在迭代计算，请稍候！
[2024-09-10 15:16:10] - INFO: 计算点要素位于多少个要素的缓冲区内，并根据缓冲距离加权计分，正在迭代计算，请稍候！
[2024-09-10 15:16:10] - INFO: 计算点要素位于多少个要素的缓冲区内，并根据缓冲距离加权计分，正在迭代计算，请稍候！
[2024-09-10 15:16:11] - INFO: 大范围、远距离 状态下的可达性计算
[2024-09-10 15:16:13] - INFO: 计算点要素位于多少个要素的缓冲区内，并根据缓冲距离加权计分，正在迭代计算，请稍候！
[2024-09-10 15:16:14] - INFO: 计算点要素位于多少个要素的缓冲区内，并根据缓冲距离加权计分，正在迭代计算，请稍候！
[2024-09-10 15:16:14] - INFO: 计算点要素位于多少个要素的缓冲区内，并根据缓冲距离加权计分，正在迭代计算，请稍候！
[2024-09-10 15:16:15] - INFO: 计算点要素位于多少个要素的缓冲区内，并根据缓冲距离加权计分，正在迭代计算，请稍候！
[2024-09-10 15:16:16] - INFO: 大范围、远距离 状态下的可达性计算
[2024-09-10 15:16:17] - INFO: 计算点要素位于多少个要素的缓冲区内，并根据缓冲距离加权计分，正在迭代计算，请稍候！
[2024-09-10 15:16:18] - INFO: 计算点要素位于多少个要素的缓冲区内，并根据缓冲距离加权计分，正在迭代计算，请稍候！
[2024-09-10 15:16:18] - INFO: 计算点要素位于多少个要素的缓冲区内，并根据缓冲距离加权计分，正在迭代计算，请稍候！
[2024-09-10 15:16:19] - INFO: 计算点要素位于多少个要素的缓冲区内，并根据缓冲距离加权计分，正在迭代计算，请稍候！
[2024-09-10 15:16:19] - INFO: 大范围、远距离 状态下的可达性计算
[2024-09-10 15:16:21] - INFO: 计算点要素位于多少个要素的缓冲区内，并根据缓冲距离加权计分，正在迭代计算，请稍候！
[2024-09-10 15:16:21] - INFO: 计算点要素位于多少个要素的缓冲区内，并根据缓冲距离加权计分，正在迭代计算，请稍候！
[2024-09-10 15:16:22] - INFO: 计算点要素位于多少个要素的缓冲区内，并根据缓冲距离加权计分，正在迭代计算，请稍候！
[2024-09-10 15:16:22] - INFO: 计算点要素位于多少个要素的缓冲区内，并根据缓冲距离加权计分，正在迭代计算，请稍候！
[2024-09-10 15:16:23] - INFO: 更新地块文件的属性
[2024-09-10 15:16:24] - INFO: 将矢量文件的某个字段标准化至[0, 100]
[2024-09-10 15:16:25] - INFO: 面要素转化为点要素
[2024-09-10 15:16:25] - INFO: 面要素转化为点要素
[2024-09-10 15:16:27] - INFO: 将矢量文件的某个字段标准化至[0, 100]
[2024-09-10 15:16:27] - INFO: S2_计算完成！
[2024-09-10 15:16:28] - INFO: 面要素转化为点要素
[2024-09-10 15:16:28] - INFO: 小范围、短距离 状态下的可达性计算
[2024-09-10 15:16:28] - INFO: 计算点要素位于多少个要素的缓冲区内，并根据缓冲距离加权计分，正在迭代计算，请稍候！
[2024-09-10 15:16:29] - INFO: 小范围、短距离 状态下的可达性计算
[2024-09-10 15:16:29] - INFO: 计算点要素位于多少个要素的缓冲区内，并根据缓冲距离加权计分，正在迭代计算，请稍候！
[2024-09-10 15:16:30] - INFO: 小范围、短距离 状态下的可达性计算
[2024-09-10 15:16:30] - INFO: 计算点要素位于多少个要素的缓冲区内，并根据缓冲距离加权计分，正在迭代计算，请稍候！
[2024-09-10 15:16:30] - INFO: 小范围、短距离 状态下的可达性计算
[2024-09-10 15:16:30] - INFO: 计算点要素位于多少个要素的缓冲区内，并根据缓冲距离加权计分，正在迭代计算，请稍候！
[2024-09-10 15:16:31] - INFO: 更新地块文件的属性
[2024-09-10 15:16:32] - INFO: 将矢量文件的某个字段标准化至[0, 100]
[2024-09-10 15:16:33] - INFO: 面要素转化为点要素
[2024-09-10 15:16:34] - INFO: 将矢量文件的某个字段标准化至[0, 100]
[2024-09-10 15:16:35] - INFO: S1_计算完成！
[2024-09-10 15:16:35] - INFO: 将矢量文件的某个字段标准化至[0, 100]
[2024-09-10 15:16:35] - INFO: N1_计算完成！
[2024-09-10 15:16:36] - INFO: 将矢量文件的某个字段标准化至[0, 100]
[2024-09-10 15:16:36] - INFO: N2_计算完成！
[2024-09-10 15:16:36] - INFO: 环卫服务能力评估 完成！
[2024-09-10 15:16:36] - INFO: 开始进行消防服务能力评估！
[2024-09-10 15:16:37] - INFO: 面要素转化为点要素
[2024-09-10 15:16:37] - INFO: 小范围、短距离 状态下的可达性计算
[2024-09-10 15:16:37] - INFO: 计算点要素位于多少个要素的缓冲区内，并根据缓冲距离加权计分，正在迭代计算，请稍候！
[2024-09-10 15:16:38] - INFO: 小范围、短距离 状态下的可达性计算
[2024-09-10 15:16:38] - INFO: 计算点要素位于多少个要素的缓冲区内，并根据缓冲距离加权计分，正在迭代计算，请稍候！
[2024-09-10 15:16:38] - INFO: 小范围、短距离 状态下的可达性计算
[2024-09-10 15:16:38] - INFO: 计算点要素位于多少个要素的缓冲区内，并根据缓冲距离加权计分，正在迭代计算，请稍候！
[2024-09-10 15:16:39] - INFO: 小范围、短距离 状态下的可达性计算
[2024-09-10 15:16:39] - INFO: 计算点要素位于多少个要素的缓冲区内，并根据缓冲距离加权计分，正在迭代计算，请稍候！
[2024-09-10 15:16:40] - INFO: 小范围、短距离 状态下的可达性计算
[2024-09-10 15:16:40] - INFO: 计算点要素位于多少个要素的缓冲区内，并根据缓冲距离加权计分，正在迭代计算，请稍候！
[2024-09-10 15:16:40] - INFO: 更新地块文件的属性
[2024-09-10 15:16:41] - INFO: 将矢量文件的某个字段标准化至[0, 100]
[2024-09-10 15:16:41] - INFO: S1计算完成！
[2024-09-10 15:16:42] - INFO: 面要素转化为点要素
[2024-09-10 15:16:43] - INFO: 将矢量文件的某个字段标准化至[0, 100]
[2024-09-10 15:16:44] - INFO: 将矢量文件的某个字段标准化至[0, 100]
[2024-09-10 15:16:44] - INFO: 将矢量文件的某个字段标准化至[0, 100]
[2024-09-10 15:16:44] - INFO: S2计算完成！
[2024-09-10 15:16:45] - INFO: 将矢量文件的某个字段标准化至[0, 100]
[2024-09-10 15:16:45] - INFO: N1计算完成！
[2024-09-10 15:16:45] - INFO: 将矢量文件的某个字段标准化至[0, 100]
[2024-09-10 15:16:45] - INFO: N2计算完成！
[2024-09-10 15:16:46] - INFO: 面要素转化为点要素
[2024-09-10 15:16:46] - INFO: 小范围、短距离 状态下的可达性计算
[2024-09-10 15:16:46] - INFO: 计算点要素位于多少个要素的缓冲区内，并根据缓冲距离加权计分，正在迭代计算，请稍候！
[2024-09-10 15:16:47] - INFO: 小范围、短距离 状态下的可达性计算
[2024-09-10 15:16:47] - INFO: 计算点要素位于多少个要素的缓冲区内，并根据缓冲距离加权计分，正在迭代计算，请稍候！
[2024-09-10 15:16:47] - INFO: 小范围、短距离 状态下的可达性计算
[2024-09-10 15:16:47] - INFO: 计算点要素位于多少个要素的缓冲区内，并根据缓冲距离加权计分，正在迭代计算，请稍候！
[2024-09-10 15:16:47] - INFO: 小范围、短距离 状态下的可达性计算
[2024-09-10 15:16:47] - INFO: 计算点要素位于多少个要素的缓冲区内，并根据缓冲距离加权计分，正在迭代计算，请稍候！
[2024-09-10 15:16:48] - INFO: 小范围、短距离 状态下的可达性计算
[2024-09-10 15:16:48] - INFO: 计算点要素位于多少个要素的缓冲区内，并根据缓冲距离加权计分，正在迭代计算，请稍候！
[2024-09-10 15:16:48] - INFO: 更新地块文件的属性
[2024-09-10 15:16:49] - INFO: 将矢量文件的某个字段标准化至[0, 100]
[2024-09-10 15:16:49] - INFO: N3计算完成！
[2024-09-10 15:16:49] - INFO: 消防服务能力评估完成！
[2024-09-10 15:16:50] - INFO: 计算结果保存在：
[2024-09-10 15:16:50] - INFO: D:/Research/Sanitation/assessment/result\planning_result.shp
[2024-09-10 15:16:50] - INFO: 程序运行总时间：
[2024-09-10 15:16:50] - INFO: 65.5840001106
