[2024-09-12 20:31:21] - INFO: 面要素转化为点要素
[2024-09-12 20:31:21] - INFO: 面要素转化为点要素
[2024-09-12 20:31:21] - INFO: 面要素转化为点要素
[2024-09-12 20:31:21] - INFO: 面要素转化为点要素
[2024-09-12 20:31:21] - INFO: 面要素转化为点要素
[2024-09-12 20:31:21] - INFO: 面要素转化为点要素
[2024-09-12 20:31:21] - INFO: 面要素转化为点要素
[2024-09-12 20:31:21] - INFO: 面要素转化为点要素
[2024-09-12 20:31:21] - INFO: 面要素转化为点要素
[2024-09-12 20:31:21] - INFO: 面要素转化为点要素
[2024-09-12 20:31:21] - INFO: 小范围、短距离 状态下的可达性计算
[2024-09-12 20:31:21] - INFO: 小范围、短距离 状态下的可达性计算
[2024-09-12 20:31:21] - INFO: 小范围、短距离 状态下的可达性计算
[2024-09-12 20:31:21] - INFO: 小范围、短距离 状态下的可达性计算
[2024-09-12 20:31:21] - INFO: 小范围、短距离 状态下的可达性计算
[2024-09-12 20:31:21] - INFO: 小范围、短距离 状态下的可达性计算
[2024-09-12 20:31:21] - INFO: 小范围、短距离 状态下的可达性计算
[2024-09-12 20:31:21] - INFO: 小范围、短距离 状态下的可达性计算
[2024-09-12 20:31:21] - INFO: 小范围、短距离 状态下的可达性计算
[2024-09-12 20:31:21] - INFO: 小范围、短距离 状态下的可达性计算
[2024-09-12 20:31:21] - INFO: 计算点要素位于多少个要素的缓冲区内，并根据缓冲距离加权计分，正在迭代计算，请稍候！
[2024-09-12 20:31:21] - INFO: 计算点要素位于多少个要素的缓冲区内，并根据缓冲距离加权计分，正在迭代计算，请稍候！
[2024-09-12 20:31:21] - INFO: 计算点要素位于多少个要素的缓冲区内，并根据缓冲距离加权计分，正在迭代计算，请稍候！
[2024-09-12 20:31:21] - INFO: 计算点要素位于多少个要素的缓冲区内，并根据缓冲距离加权计分，正在迭代计算，请稍候！
[2024-09-12 20:31:21] - INFO: 计算点要素位于多少个要素的缓冲区内，并根据缓冲距离加权计分，正在迭代计算，请稍候！
[2024-09-12 20:31:21] - INFO: 计算点要素位于多少个要素的缓冲区内，并根据缓冲距离加权计分，正在迭代计算，请稍候！
[2024-09-12 20:31:21] - INFO: 计算点要素位于多少个要素的缓冲区内，并根据缓冲距离加权计分，正在迭代计算，请稍候！
[2024-09-12 20:31:21] - INFO: 计算点要素位于多少个要素的缓冲区内，并根据缓冲距离加权计分，正在迭代计算，请稍候！
[2024-09-12 20:31:21] - INFO: 计算点要素位于多少个要素的缓冲区内，并根据缓冲距离加权计分，正在迭代计算，请稍候！
[2024-09-12 20:31:21] - INFO: 计算点要素位于多少个要素的缓冲区内，并根据缓冲距离加权计分，正在迭代计算，请稍候！
[2024-09-12 20:31:22] - INFO: 小范围、短距离 状态下的可达性计算
[2024-09-12 20:31:22] - INFO: 小范围、短距离 状态下的可达性计算
[2024-09-12 20:31:22] - INFO: 小范围、短距离 状态下的可达性计算
[2024-09-12 20:31:22] - INFO: 小范围、短距离 状态下的可达性计算
[2024-09-12 20:31:22] - INFO: 小范围、短距离 状态下的可达性计算
[2024-09-12 20:31:22] - INFO: 小范围、短距离 状态下的可达性计算
[2024-09-12 20:31:22] - INFO: 小范围、短距离 状态下的可达性计算
[2024-09-12 20:31:22] - INFO: 小范围、短距离 状态下的可达性计算
[2024-09-12 20:31:22] - INFO: 小范围、短距离 状态下的可达性计算
[2024-09-12 20:31:22] - INFO: 小范围、短距离 状态下的可达性计算
[2024-09-12 20:31:22] - INFO: 计算点要素位于多少个要素的缓冲区内，并根据缓冲距离加权计分，正在迭代计算，请稍候！
[2024-09-12 20:31:22] - INFO: 计算点要素位于多少个要素的缓冲区内，并根据缓冲距离加权计分，正在迭代计算，请稍候！
[2024-09-12 20:31:22] - INFO: 计算点要素位于多少个要素的缓冲区内，并根据缓冲距离加权计分，正在迭代计算，请稍候！
[2024-09-12 20:31:22] - INFO: 计算点要素位于多少个要素的缓冲区内，并根据缓冲距离加权计分，正在迭代计算，请稍候！
[2024-09-12 20:31:22] - INFO: 计算点要素位于多少个要素的缓冲区内，并根据缓冲距离加权计分，正在迭代计算，请稍候！
[2024-09-12 20:31:22] - INFO: 计算点要素位于多少个要素的缓冲区内，并根据缓冲距离加权计分，正在迭代计算，请稍候！
[2024-09-12 20:31:22] - INFO: 计算点要素位于多少个要素的缓冲区内，并根据缓冲距离加权计分，正在迭代计算，请稍候！
[2024-09-12 20:31:22] - INFO: 计算点要素位于多少个要素的缓冲区内，并根据缓冲距离加权计分，正在迭代计算，请稍候！
[2024-09-12 20:31:22] - INFO: 计算点要素位于多少个要素的缓冲区内，并根据缓冲距离加权计分，正在迭代计算，请稍候！
[2024-09-12 20:31:22] - INFO: 计算点要素位于多少个要素的缓冲区内，并根据缓冲距离加权计分，正在迭代计算，请稍候！
[2024-09-12 20:31:22] - INFO: 小范围、短距离 状态下的可达性计算
[2024-09-12 20:31:22] - INFO: 小范围、短距离 状态下的可达性计算
[2024-09-12 20:31:22] - INFO: 小范围、短距离 状态下的可达性计算
[2024-09-12 20:31:22] - INFO: 小范围、短距离 状态下的可达性计算
[2024-09-12 20:31:22] - INFO: 小范围、短距离 状态下的可达性计算
[2024-09-12 20:31:22] - INFO: 小范围、短距离 状态下的可达性计算
[2024-09-12 20:31:22] - INFO: 小范围、短距离 状态下的可达性计算
[2024-09-12 20:31:22] - INFO: 小范围、短距离 状态下的可达性计算
[2024-09-12 20:31:22] - INFO: 小范围、短距离 状态下的可达性计算
[2024-09-12 20:31:22] - INFO: 小范围、短距离 状态下的可达性计算
[2024-09-12 20:31:22] - INFO: 计算点要素位于多少个要素的缓冲区内，并根据缓冲距离加权计分，正在迭代计算，请稍候！
[2024-09-12 20:31:22] - INFO: 计算点要素位于多少个要素的缓冲区内，并根据缓冲距离加权计分，正在迭代计算，请稍候！
[2024-09-12 20:31:22] - INFO: 计算点要素位于多少个要素的缓冲区内，并根据缓冲距离加权计分，正在迭代计算，请稍候！
[2024-09-12 20:31:22] - INFO: 计算点要素位于多少个要素的缓冲区内，并根据缓冲距离加权计分，正在迭代计算，请稍候！
[2024-09-12 20:31:22] - INFO: 计算点要素位于多少个要素的缓冲区内，并根据缓冲距离加权计分，正在迭代计算，请稍候！
[2024-09-12 20:31:22] - INFO: 计算点要素位于多少个要素的缓冲区内，并根据缓冲距离加权计分，正在迭代计算，请稍候！
[2024-09-12 20:31:22] - INFO: 计算点要素位于多少个要素的缓冲区内，并根据缓冲距离加权计分，正在迭代计算，请稍候！
[2024-09-12 20:31:22] - INFO: 计算点要素位于多少个要素的缓冲区内，并根据缓冲距离加权计分，正在迭代计算，请稍候！
[2024-09-12 20:31:22] - INFO: 计算点要素位于多少个要素的缓冲区内，并根据缓冲距离加权计分，正在迭代计算，请稍候！
[2024-09-12 20:31:22] - INFO: 计算点要素位于多少个要素的缓冲区内，并根据缓冲距离加权计分，正在迭代计算，请稍候！
[2024-09-12 20:31:23] - INFO: 小范围、短距离 状态下的可达性计算
[2024-09-12 20:31:23] - INFO: 小范围、短距离 状态下的可达性计算
[2024-09-12 20:31:23] - INFO: 小范围、短距离 状态下的可达性计算
[2024-09-12 20:31:23] - INFO: 小范围、短距离 状态下的可达性计算
[2024-09-12 20:31:23] - INFO: 小范围、短距离 状态下的可达性计算
[2024-09-12 20:31:23] - INFO: 小范围、短距离 状态下的可达性计算
[2024-09-12 20:31:23] - INFO: 小范围、短距离 状态下的可达性计算
[2024-09-12 20:31:23] - INFO: 小范围、短距离 状态下的可达性计算
[2024-09-12 20:31:23] - INFO: 小范围、短距离 状态下的可达性计算
[2024-09-12 20:31:23] - INFO: 小范围、短距离 状态下的可达性计算
[2024-09-12 20:31:23] - INFO: 计算点要素位于多少个要素的缓冲区内，并根据缓冲距离加权计分，正在迭代计算，请稍候！
[2024-09-12 20:31:23] - INFO: 计算点要素位于多少个要素的缓冲区内，并根据缓冲距离加权计分，正在迭代计算，请稍候！
[2024-09-12 20:31:23] - INFO: 计算点要素位于多少个要素的缓冲区内，并根据缓冲距离加权计分，正在迭代计算，请稍候！
[2024-09-12 20:31:23] - INFO: 计算点要素位于多少个要素的缓冲区内，并根据缓冲距离加权计分，正在迭代计算，请稍候！
[2024-09-12 20:31:23] - INFO: 计算点要素位于多少个要素的缓冲区内，并根据缓冲距离加权计分，正在迭代计算，请稍候！
[2024-09-12 20:31:23] - INFO: 计算点要素位于多少个要素的缓冲区内，并根据缓冲距离加权计分，正在迭代计算，请稍候！
[2024-09-12 20:31:23] - INFO: 计算点要素位于多少个要素的缓冲区内，并根据缓冲距离加权计分，正在迭代计算，请稍候！
[2024-09-12 20:31:23] - INFO: 计算点要素位于多少个要素的缓冲区内，并根据缓冲距离加权计分，正在迭代计算，请稍候！
[2024-09-12 20:31:23] - INFO: 计算点要素位于多少个要素的缓冲区内，并根据缓冲距离加权计分，正在迭代计算，请稍候！
[2024-09-12 20:31:23] - INFO: 计算点要素位于多少个要素的缓冲区内，并根据缓冲距离加权计分，正在迭代计算，请稍候！
[2024-09-12 20:31:23] - INFO: 小范围、短距离 状态下的可达性计算
[2024-09-12 20:31:23] - INFO: 小范围、短距离 状态下的可达性计算
[2024-09-12 20:31:23] - INFO: 小范围、短距离 状态下的可达性计算
[2024-09-12 20:31:23] - INFO: 小范围、短距离 状态下的可达性计算
[2024-09-12 20:31:23] - INFO: 小范围、短距离 状态下的可达性计算
[2024-09-12 20:31:23] - INFO: 小范围、短距离 状态下的可达性计算
[2024-09-12 20:31:23] - INFO: 小范围、短距离 状态下的可达性计算
[2024-09-12 20:31:23] - INFO: 小范围、短距离 状态下的可达性计算
[2024-09-12 20:31:23] - INFO: 小范围、短距离 状态下的可达性计算
[2024-09-12 20:31:23] - INFO: 小范围、短距离 状态下的可达性计算
[2024-09-12 20:31:23] - INFO: 计算点要素位于多少个要素的缓冲区内，并根据缓冲距离加权计分，正在迭代计算，请稍候！
[2024-09-12 20:31:23] - INFO: 计算点要素位于多少个要素的缓冲区内，并根据缓冲距离加权计分，正在迭代计算，请稍候！
[2024-09-12 20:31:23] - INFO: 计算点要素位于多少个要素的缓冲区内，并根据缓冲距离加权计分，正在迭代计算，请稍候！
[2024-09-12 20:31:23] - INFO: 计算点要素位于多少个要素的缓冲区内，并根据缓冲距离加权计分，正在迭代计算，请稍候！
[2024-09-12 20:31:23] - INFO: 计算点要素位于多少个要素的缓冲区内，并根据缓冲距离加权计分，正在迭代计算，请稍候！
[2024-09-12 20:31:23] - INFO: 计算点要素位于多少个要素的缓冲区内，并根据缓冲距离加权计分，正在迭代计算，请稍候！
[2024-09-12 20:31:23] - INFO: 计算点要素位于多少个要素的缓冲区内，并根据缓冲距离加权计分，正在迭代计算，请稍候！
[2024-09-12 20:31:23] - INFO: 计算点要素位于多少个要素的缓冲区内，并根据缓冲距离加权计分，正在迭代计算，请稍候！
[2024-09-12 20:31:23] - INFO: 计算点要素位于多少个要素的缓冲区内，并根据缓冲距离加权计分，正在迭代计算，请稍候！
[2024-09-12 20:31:23] - INFO: 计算点要素位于多少个要素的缓冲区内，并根据缓冲距离加权计分，正在迭代计算，请稍候！
[2024-09-12 20:31:24] - INFO: 更新地块文件的属性
[2024-09-12 20:31:24] - INFO: 更新地块文件的属性
[2024-09-12 20:31:24] - INFO: 更新地块文件的属性
[2024-09-12 20:31:24] - INFO: 更新地块文件的属性
[2024-09-12 20:31:24] - INFO: 更新地块文件的属性
[2024-09-12 20:31:24] - INFO: 更新地块文件的属性
[2024-09-12 20:31:24] - INFO: 更新地块文件的属性
[2024-09-12 20:31:24] - INFO: 更新地块文件的属性
[2024-09-12 20:31:24] - INFO: 更新地块文件的属性
[2024-09-12 20:31:24] - INFO: 更新地块文件的属性
[2024-09-12 20:31:24] - INFO: 将矢量文件的某个字段标准化至[0, 100]
[2024-09-12 20:31:24] - INFO: 将矢量文件的某个字段标准化至[0, 100]
[2024-09-12 20:31:24] - INFO: 将矢量文件的某个字段标准化至[0, 100]
[2024-09-12 20:31:24] - INFO: 将矢量文件的某个字段标准化至[0, 100]
[2024-09-12 20:31:24] - INFO: 将矢量文件的某个字段标准化至[0, 100]
[2024-09-12 20:31:24] - INFO: 将矢量文件的某个字段标准化至[0, 100]
[2024-09-12 20:31:24] - INFO: 将矢量文件的某个字段标准化至[0, 100]
[2024-09-12 20:31:24] - INFO: 将矢量文件的某个字段标准化至[0, 100]
[2024-09-12 20:31:24] - INFO: 将矢量文件的某个字段标准化至[0, 100]
[2024-09-12 20:31:24] - INFO: 将矢量文件的某个字段标准化至[0, 100]
[2024-09-12 20:31:24] - INFO: S1计算完成！
[2024-09-12 20:31:24] - INFO: S1计算完成！
[2024-09-12 20:31:24] - INFO: S1计算完成！
[2024-09-12 20:31:24] - INFO: S1计算完成！
[2024-09-12 20:31:24] - INFO: S1计算完成！
[2024-09-12 20:31:24] - INFO: S1计算完成！
[2024-09-12 20:31:24] - INFO: S1计算完成！
[2024-09-12 20:31:24] - INFO: S1计算完成！
[2024-09-12 20:31:24] - INFO: S1计算完成！
[2024-09-12 20:31:24] - INFO: S1计算完成！
[2024-09-12 20:31:25] - INFO: 面要素转化为点要素
[2024-09-12 20:31:25] - INFO: 面要素转化为点要素
[2024-09-12 20:31:25] - INFO: 面要素转化为点要素
[2024-09-12 20:31:25] - INFO: 面要素转化为点要素
[2024-09-12 20:31:25] - INFO: 面要素转化为点要素
[2024-09-12 20:31:25] - INFO: 面要素转化为点要素
[2024-09-12 20:31:25] - INFO: 面要素转化为点要素
[2024-09-12 20:31:25] - INFO: 面要素转化为点要素
[2024-09-12 20:31:25] - INFO: 面要素转化为点要素
[2024-09-12 20:31:25] - INFO: 面要素转化为点要素
[2024-09-12 20:31:26] - INFO: 将矢量文件的某个字段标准化至[0, 100]
[2024-09-12 20:31:26] - INFO: 将矢量文件的某个字段标准化至[0, 100]
[2024-09-12 20:31:26] - INFO: 将矢量文件的某个字段标准化至[0, 100]
[2024-09-12 20:31:26] - INFO: 将矢量文件的某个字段标准化至[0, 100]
[2024-09-12 20:31:26] - INFO: 将矢量文件的某个字段标准化至[0, 100]
[2024-09-12 20:31:26] - INFO: 将矢量文件的某个字段标准化至[0, 100]
[2024-09-12 20:31:26] - INFO: 将矢量文件的某个字段标准化至[0, 100]
[2024-09-12 20:31:26] - INFO: 将矢量文件的某个字段标准化至[0, 100]
[2024-09-12 20:31:26] - INFO: 将矢量文件的某个字段标准化至[0, 100]
[2024-09-12 20:31:26] - INFO: 将矢量文件的某个字段标准化至[0, 100]
[2024-09-12 20:31:27] - INFO: 将矢量文件的某个字段标准化至[0, 100]
[2024-09-12 20:31:27] - INFO: 将矢量文件的某个字段标准化至[0, 100]
[2024-09-12 20:31:27] - INFO: 将矢量文件的某个字段标准化至[0, 100]
[2024-09-12 20:31:27] - INFO: 将矢量文件的某个字段标准化至[0, 100]
[2024-09-12 20:31:27] - INFO: 将矢量文件的某个字段标准化至[0, 100]
[2024-09-12 20:31:27] - INFO: 将矢量文件的某个字段标准化至[0, 100]
[2024-09-12 20:31:27] - INFO: 将矢量文件的某个字段标准化至[0, 100]
[2024-09-12 20:31:27] - INFO: 将矢量文件的某个字段标准化至[0, 100]
[2024-09-12 20:31:27] - INFO: 将矢量文件的某个字段标准化至[0, 100]
[2024-09-12 20:31:27] - INFO: 将矢量文件的某个字段标准化至[0, 100]
[2024-09-12 20:31:27] - INFO: 将矢量文件的某个字段标准化至[0, 100]
[2024-09-12 20:31:27] - INFO: 将矢量文件的某个字段标准化至[0, 100]
[2024-09-12 20:31:27] - INFO: 将矢量文件的某个字段标准化至[0, 100]
[2024-09-12 20:31:27] - INFO: 将矢量文件的某个字段标准化至[0, 100]
[2024-09-12 20:31:27] - INFO: 将矢量文件的某个字段标准化至[0, 100]
[2024-09-12 20:31:27] - INFO: 将矢量文件的某个字段标准化至[0, 100]
[2024-09-12 20:31:27] - INFO: 将矢量文件的某个字段标准化至[0, 100]
[2024-09-12 20:31:27] - INFO: 将矢量文件的某个字段标准化至[0, 100]
[2024-09-12 20:31:27] - INFO: 将矢量文件的某个字段标准化至[0, 100]
[2024-09-12 20:31:27] - INFO: 将矢量文件的某个字段标准化至[0, 100]
[2024-09-12 20:31:27] - INFO: S2计算完成！
[2024-09-12 20:31:27] - INFO: S2计算完成！
[2024-09-12 20:31:27] - INFO: S2计算完成！
[2024-09-12 20:31:27] - INFO: S2计算完成！
[2024-09-12 20:31:27] - INFO: S2计算完成！
[2024-09-12 20:31:27] - INFO: S2计算完成！
[2024-09-12 20:31:27] - INFO: S2计算完成！
[2024-09-12 20:31:27] - INFO: S2计算完成！
[2024-09-12 20:31:27] - INFO: S2计算完成！
[2024-09-12 20:31:27] - INFO: S2计算完成！
[2024-09-12 20:31:28] - INFO: 将矢量文件的某个字段标准化至[0, 100]
[2024-09-12 20:31:28] - INFO: 将矢量文件的某个字段标准化至[0, 100]
[2024-09-12 20:31:28] - INFO: 将矢量文件的某个字段标准化至[0, 100]
[2024-09-12 20:31:28] - INFO: 将矢量文件的某个字段标准化至[0, 100]
[2024-09-12 20:31:28] - INFO: 将矢量文件的某个字段标准化至[0, 100]
[2024-09-12 20:31:28] - INFO: 将矢量文件的某个字段标准化至[0, 100]
[2024-09-12 20:31:28] - INFO: 将矢量文件的某个字段标准化至[0, 100]
[2024-09-12 20:31:28] - INFO: 将矢量文件的某个字段标准化至[0, 100]
[2024-09-12 20:31:28] - INFO: 将矢量文件的某个字段标准化至[0, 100]
[2024-09-12 20:31:28] - INFO: 将矢量文件的某个字段标准化至[0, 100]
[2024-09-12 20:31:28] - INFO: N1计算完成！
[2024-09-12 20:31:28] - INFO: N1计算完成！
[2024-09-12 20:31:28] - INFO: N1计算完成！
[2024-09-12 20:31:28] - INFO: N1计算完成！
[2024-09-12 20:31:28] - INFO: N1计算完成！
[2024-09-12 20:31:28] - INFO: N1计算完成！
[2024-09-12 20:31:28] - INFO: N1计算完成！
[2024-09-12 20:31:28] - INFO: N1计算完成！
[2024-09-12 20:31:28] - INFO: N1计算完成！
[2024-09-12 20:31:28] - INFO: N1计算完成！
[2024-09-12 20:31:28] - INFO: 将矢量文件的某个字段标准化至[0, 100]
[2024-09-12 20:31:28] - INFO: 将矢量文件的某个字段标准化至[0, 100]
[2024-09-12 20:31:28] - INFO: 将矢量文件的某个字段标准化至[0, 100]
[2024-09-12 20:31:28] - INFO: 将矢量文件的某个字段标准化至[0, 100]
[2024-09-12 20:31:28] - INFO: 将矢量文件的某个字段标准化至[0, 100]
[2024-09-12 20:31:28] - INFO: 将矢量文件的某个字段标准化至[0, 100]
[2024-09-12 20:31:28] - INFO: 将矢量文件的某个字段标准化至[0, 100]
[2024-09-12 20:31:28] - INFO: 将矢量文件的某个字段标准化至[0, 100]
[2024-09-12 20:31:28] - INFO: 将矢量文件的某个字段标准化至[0, 100]
[2024-09-12 20:31:28] - INFO: 将矢量文件的某个字段标准化至[0, 100]
[2024-09-12 20:31:28] - INFO: N2计算完成！
[2024-09-12 20:31:28] - INFO: N2计算完成！
[2024-09-12 20:31:28] - INFO: N2计算完成！
[2024-09-12 20:31:28] - INFO: N2计算完成！
[2024-09-12 20:31:28] - INFO: N2计算完成！
[2024-09-12 20:31:28] - INFO: N2计算完成！
[2024-09-12 20:31:28] - INFO: N2计算完成！
[2024-09-12 20:31:28] - INFO: N2计算完成！
[2024-09-12 20:31:28] - INFO: N2计算完成！
[2024-09-12 20:31:28] - INFO: N2计算完成！
[2024-09-12 20:31:29] - INFO: 面要素转化为点要素
[2024-09-12 20:31:29] - INFO: 面要素转化为点要素
[2024-09-12 20:31:29] - INFO: 面要素转化为点要素
[2024-09-12 20:31:29] - INFO: 面要素转化为点要素
[2024-09-12 20:31:29] - INFO: 面要素转化为点要素
[2024-09-12 20:31:29] - INFO: 面要素转化为点要素
[2024-09-12 20:31:29] - INFO: 面要素转化为点要素
[2024-09-12 20:31:29] - INFO: 面要素转化为点要素
[2024-09-12 20:31:29] - INFO: 面要素转化为点要素
[2024-09-12 20:31:29] - INFO: 面要素转化为点要素
[2024-09-12 20:31:29] - INFO: 小范围、短距离 状态下的可达性计算
[2024-09-12 20:31:29] - INFO: 小范围、短距离 状态下的可达性计算
[2024-09-12 20:31:29] - INFO: 小范围、短距离 状态下的可达性计算
[2024-09-12 20:31:29] - INFO: 小范围、短距离 状态下的可达性计算
[2024-09-12 20:31:29] - INFO: 小范围、短距离 状态下的可达性计算
[2024-09-12 20:31:29] - INFO: 小范围、短距离 状态下的可达性计算
[2024-09-12 20:31:29] - INFO: 小范围、短距离 状态下的可达性计算
[2024-09-12 20:31:29] - INFO: 小范围、短距离 状态下的可达性计算
[2024-09-12 20:31:29] - INFO: 小范围、短距离 状态下的可达性计算
[2024-09-12 20:31:29] - INFO: 小范围、短距离 状态下的可达性计算
[2024-09-12 20:31:29] - INFO: 计算点要素位于多少个要素的缓冲区内，并根据缓冲距离加权计分，正在迭代计算，请稍候！
[2024-09-12 20:31:29] - INFO: 计算点要素位于多少个要素的缓冲区内，并根据缓冲距离加权计分，正在迭代计算，请稍候！
[2024-09-12 20:31:29] - INFO: 计算点要素位于多少个要素的缓冲区内，并根据缓冲距离加权计分，正在迭代计算，请稍候！
[2024-09-12 20:31:29] - INFO: 计算点要素位于多少个要素的缓冲区内，并根据缓冲距离加权计分，正在迭代计算，请稍候！
[2024-09-12 20:31:29] - INFO: 计算点要素位于多少个要素的缓冲区内，并根据缓冲距离加权计分，正在迭代计算，请稍候！
[2024-09-12 20:31:29] - INFO: 计算点要素位于多少个要素的缓冲区内，并根据缓冲距离加权计分，正在迭代计算，请稍候！
[2024-09-12 20:31:29] - INFO: 计算点要素位于多少个要素的缓冲区内，并根据缓冲距离加权计分，正在迭代计算，请稍候！
[2024-09-12 20:31:29] - INFO: 计算点要素位于多少个要素的缓冲区内，并根据缓冲距离加权计分，正在迭代计算，请稍候！
[2024-09-12 20:31:29] - INFO: 计算点要素位于多少个要素的缓冲区内，并根据缓冲距离加权计分，正在迭代计算，请稍候！
[2024-09-12 20:31:29] - INFO: 计算点要素位于多少个要素的缓冲区内，并根据缓冲距离加权计分，正在迭代计算，请稍候！
[2024-09-12 20:31:30] - INFO: 小范围、短距离 状态下的可达性计算
[2024-09-12 20:31:30] - INFO: 小范围、短距离 状态下的可达性计算
[2024-09-12 20:31:30] - INFO: 小范围、短距离 状态下的可达性计算
[2024-09-12 20:31:30] - INFO: 小范围、短距离 状态下的可达性计算
[2024-09-12 20:31:30] - INFO: 小范围、短距离 状态下的可达性计算
[2024-09-12 20:31:30] - INFO: 小范围、短距离 状态下的可达性计算
[2024-09-12 20:31:30] - INFO: 小范围、短距离 状态下的可达性计算
[2024-09-12 20:31:30] - INFO: 小范围、短距离 状态下的可达性计算
[2024-09-12 20:31:30] - INFO: 小范围、短距离 状态下的可达性计算
[2024-09-12 20:31:30] - INFO: 小范围、短距离 状态下的可达性计算
[2024-09-12 20:31:30] - INFO: 计算点要素位于多少个要素的缓冲区内，并根据缓冲距离加权计分，正在迭代计算，请稍候！
[2024-09-12 20:31:30] - INFO: 计算点要素位于多少个要素的缓冲区内，并根据缓冲距离加权计分，正在迭代计算，请稍候！
[2024-09-12 20:31:30] - INFO: 计算点要素位于多少个要素的缓冲区内，并根据缓冲距离加权计分，正在迭代计算，请稍候！
[2024-09-12 20:31:30] - INFO: 计算点要素位于多少个要素的缓冲区内，并根据缓冲距离加权计分，正在迭代计算，请稍候！
[2024-09-12 20:31:30] - INFO: 计算点要素位于多少个要素的缓冲区内，并根据缓冲距离加权计分，正在迭代计算，请稍候！
[2024-09-12 20:31:30] - INFO: 计算点要素位于多少个要素的缓冲区内，并根据缓冲距离加权计分，正在迭代计算，请稍候！
[2024-09-12 20:31:30] - INFO: 计算点要素位于多少个要素的缓冲区内，并根据缓冲距离加权计分，正在迭代计算，请稍候！
[2024-09-12 20:31:30] - INFO: 计算点要素位于多少个要素的缓冲区内，并根据缓冲距离加权计分，正在迭代计算，请稍候！
[2024-09-12 20:31:30] - INFO: 计算点要素位于多少个要素的缓冲区内，并根据缓冲距离加权计分，正在迭代计算，请稍候！
[2024-09-12 20:31:30] - INFO: 计算点要素位于多少个要素的缓冲区内，并根据缓冲距离加权计分，正在迭代计算，请稍候！
[2024-09-12 20:31:30] - INFO: 小范围、短距离 状态下的可达性计算
[2024-09-12 20:31:30] - INFO: 小范围、短距离 状态下的可达性计算
[2024-09-12 20:31:30] - INFO: 小范围、短距离 状态下的可达性计算
[2024-09-12 20:31:30] - INFO: 小范围、短距离 状态下的可达性计算
[2024-09-12 20:31:30] - INFO: 小范围、短距离 状态下的可达性计算
[2024-09-12 20:31:30] - INFO: 小范围、短距离 状态下的可达性计算
[2024-09-12 20:31:30] - INFO: 小范围、短距离 状态下的可达性计算
[2024-09-12 20:31:30] - INFO: 小范围、短距离 状态下的可达性计算
[2024-09-12 20:31:30] - INFO: 小范围、短距离 状态下的可达性计算
[2024-09-12 20:31:30] - INFO: 小范围、短距离 状态下的可达性计算
[2024-09-12 20:31:30] - INFO: 计算点要素位于多少个要素的缓冲区内，并根据缓冲距离加权计分，正在迭代计算，请稍候！
[2024-09-12 20:31:30] - INFO: 计算点要素位于多少个要素的缓冲区内，并根据缓冲距离加权计分，正在迭代计算，请稍候！
[2024-09-12 20:31:30] - INFO: 计算点要素位于多少个要素的缓冲区内，并根据缓冲距离加权计分，正在迭代计算，请稍候！
[2024-09-12 20:31:30] - INFO: 计算点要素位于多少个要素的缓冲区内，并根据缓冲距离加权计分，正在迭代计算，请稍候！
[2024-09-12 20:31:30] - INFO: 计算点要素位于多少个要素的缓冲区内，并根据缓冲距离加权计分，正在迭代计算，请稍候！
[2024-09-12 20:31:30] - INFO: 计算点要素位于多少个要素的缓冲区内，并根据缓冲距离加权计分，正在迭代计算，请稍候！
[2024-09-12 20:31:30] - INFO: 计算点要素位于多少个要素的缓冲区内，并根据缓冲距离加权计分，正在迭代计算，请稍候！
[2024-09-12 20:31:30] - INFO: 计算点要素位于多少个要素的缓冲区内，并根据缓冲距离加权计分，正在迭代计算，请稍候！
[2024-09-12 20:31:30] - INFO: 计算点要素位于多少个要素的缓冲区内，并根据缓冲距离加权计分，正在迭代计算，请稍候！
[2024-09-12 20:31:30] - INFO: 计算点要素位于多少个要素的缓冲区内，并根据缓冲距离加权计分，正在迭代计算，请稍候！
[2024-09-12 20:31:30] - INFO: 小范围、短距离 状态下的可达性计算
[2024-09-12 20:31:30] - INFO: 小范围、短距离 状态下的可达性计算
[2024-09-12 20:31:30] - INFO: 小范围、短距离 状态下的可达性计算
[2024-09-12 20:31:30] - INFO: 小范围、短距离 状态下的可达性计算
[2024-09-12 20:31:30] - INFO: 小范围、短距离 状态下的可达性计算
[2024-09-12 20:31:30] - INFO: 小范围、短距离 状态下的可达性计算
[2024-09-12 20:31:30] - INFO: 小范围、短距离 状态下的可达性计算
[2024-09-12 20:31:30] - INFO: 小范围、短距离 状态下的可达性计算
[2024-09-12 20:31:30] - INFO: 小范围、短距离 状态下的可达性计算
[2024-09-12 20:31:30] - INFO: 小范围、短距离 状态下的可达性计算
[2024-09-12 20:31:30] - INFO: 计算点要素位于多少个要素的缓冲区内，并根据缓冲距离加权计分，正在迭代计算，请稍候！
[2024-09-12 20:31:30] - INFO: 计算点要素位于多少个要素的缓冲区内，并根据缓冲距离加权计分，正在迭代计算，请稍候！
[2024-09-12 20:31:30] - INFO: 计算点要素位于多少个要素的缓冲区内，并根据缓冲距离加权计分，正在迭代计算，请稍候！
[2024-09-12 20:31:30] - INFO: 计算点要素位于多少个要素的缓冲区内，并根据缓冲距离加权计分，正在迭代计算，请稍候！
[2024-09-12 20:31:30] - INFO: 计算点要素位于多少个要素的缓冲区内，并根据缓冲距离加权计分，正在迭代计算，请稍候！
[2024-09-12 20:31:30] - INFO: 计算点要素位于多少个要素的缓冲区内，并根据缓冲距离加权计分，正在迭代计算，请稍候！
[2024-09-12 20:31:30] - INFO: 计算点要素位于多少个要素的缓冲区内，并根据缓冲距离加权计分，正在迭代计算，请稍候！
[2024-09-12 20:31:30] - INFO: 计算点要素位于多少个要素的缓冲区内，并根据缓冲距离加权计分，正在迭代计算，请稍候！
[2024-09-12 20:31:30] - INFO: 计算点要素位于多少个要素的缓冲区内，并根据缓冲距离加权计分，正在迭代计算，请稍候！
[2024-09-12 20:31:30] - INFO: 计算点要素位于多少个要素的缓冲区内，并根据缓冲距离加权计分，正在迭代计算，请稍候！
[2024-09-12 20:31:31] - INFO: 小范围、短距离 状态下的可达性计算
[2024-09-12 20:31:31] - INFO: 小范围、短距离 状态下的可达性计算
[2024-09-12 20:31:31] - INFO: 小范围、短距离 状态下的可达性计算
[2024-09-12 20:31:31] - INFO: 小范围、短距离 状态下的可达性计算
[2024-09-12 20:31:31] - INFO: 小范围、短距离 状态下的可达性计算
[2024-09-12 20:31:31] - INFO: 小范围、短距离 状态下的可达性计算
[2024-09-12 20:31:31] - INFO: 小范围、短距离 状态下的可达性计算
[2024-09-12 20:31:31] - INFO: 小范围、短距离 状态下的可达性计算
[2024-09-12 20:31:31] - INFO: 小范围、短距离 状态下的可达性计算
[2024-09-12 20:31:31] - INFO: 小范围、短距离 状态下的可达性计算
[2024-09-12 20:31:31] - INFO: 计算点要素位于多少个要素的缓冲区内，并根据缓冲距离加权计分，正在迭代计算，请稍候！
[2024-09-12 20:31:31] - INFO: 计算点要素位于多少个要素的缓冲区内，并根据缓冲距离加权计分，正在迭代计算，请稍候！
[2024-09-12 20:31:31] - INFO: 计算点要素位于多少个要素的缓冲区内，并根据缓冲距离加权计分，正在迭代计算，请稍候！
[2024-09-12 20:31:31] - INFO: 计算点要素位于多少个要素的缓冲区内，并根据缓冲距离加权计分，正在迭代计算，请稍候！
[2024-09-12 20:31:31] - INFO: 计算点要素位于多少个要素的缓冲区内，并根据缓冲距离加权计分，正在迭代计算，请稍候！
[2024-09-12 20:31:31] - INFO: 计算点要素位于多少个要素的缓冲区内，并根据缓冲距离加权计分，正在迭代计算，请稍候！
[2024-09-12 20:31:31] - INFO: 计算点要素位于多少个要素的缓冲区内，并根据缓冲距离加权计分，正在迭代计算，请稍候！
[2024-09-12 20:31:31] - INFO: 计算点要素位于多少个要素的缓冲区内，并根据缓冲距离加权计分，正在迭代计算，请稍候！
[2024-09-12 20:31:31] - INFO: 计算点要素位于多少个要素的缓冲区内，并根据缓冲距离加权计分，正在迭代计算，请稍候！
[2024-09-12 20:31:31] - INFO: 计算点要素位于多少个要素的缓冲区内，并根据缓冲距离加权计分，正在迭代计算，请稍候！
[2024-09-12 20:31:31] - INFO: 更新地块文件的属性
[2024-09-12 20:31:31] - INFO: 更新地块文件的属性
[2024-09-12 20:31:31] - INFO: 更新地块文件的属性
[2024-09-12 20:31:31] - INFO: 更新地块文件的属性
[2024-09-12 20:31:31] - INFO: 更新地块文件的属性
[2024-09-12 20:31:31] - INFO: 更新地块文件的属性
[2024-09-12 20:31:31] - INFO: 更新地块文件的属性
[2024-09-12 20:31:31] - INFO: 更新地块文件的属性
[2024-09-12 20:31:31] - INFO: 更新地块文件的属性
[2024-09-12 20:31:31] - INFO: 更新地块文件的属性
[2024-09-12 20:31:32] - INFO: 将矢量文件的某个字段标准化至[0, 100]
[2024-09-12 20:31:32] - INFO: 将矢量文件的某个字段标准化至[0, 100]
[2024-09-12 20:31:32] - INFO: 将矢量文件的某个字段标准化至[0, 100]
[2024-09-12 20:31:32] - INFO: 将矢量文件的某个字段标准化至[0, 100]
[2024-09-12 20:31:32] - INFO: 将矢量文件的某个字段标准化至[0, 100]
[2024-09-12 20:31:32] - INFO: 将矢量文件的某个字段标准化至[0, 100]
[2024-09-12 20:31:32] - INFO: 将矢量文件的某个字段标准化至[0, 100]
[2024-09-12 20:31:32] - INFO: 将矢量文件的某个字段标准化至[0, 100]
[2024-09-12 20:31:32] - INFO: 将矢量文件的某个字段标准化至[0, 100]
[2024-09-12 20:31:32] - INFO: 将矢量文件的某个字段标准化至[0, 100]
[2024-09-12 20:31:32] - INFO: N3计算完成！
[2024-09-12 20:31:32] - INFO: N3计算完成！
[2024-09-12 20:31:32] - INFO: N3计算完成！
[2024-09-12 20:31:32] - INFO: N3计算完成！
[2024-09-12 20:31:32] - INFO: N3计算完成！
[2024-09-12 20:31:32] - INFO: N3计算完成！
[2024-09-12 20:31:32] - INFO: N3计算完成！
[2024-09-12 20:31:32] - INFO: N3计算完成！
[2024-09-12 20:31:32] - INFO: N3计算完成！
[2024-09-12 20:31:32] - INFO: N3计算完成！
[2024-09-12 20:31:32] - INFO: 消防服务能力评估完成！
[2024-09-12 20:31:32] - INFO: 消防服务能力评估完成！
[2024-09-12 20:31:32] - INFO: 消防服务能力评估完成！
[2024-09-12 20:31:32] - INFO: 消防服务能力评估完成！
[2024-09-12 20:31:32] - INFO: 消防服务能力评估完成！
[2024-09-12 20:31:32] - INFO: 消防服务能力评估完成！
[2024-09-12 20:31:32] - INFO: 消防服务能力评估完成！
[2024-09-12 20:31:32] - INFO: 消防服务能力评估完成！
[2024-09-12 20:31:32] - INFO: 消防服务能力评估完成！
[2024-09-12 20:31:32] - INFO: 消防服务能力评估完成！
[2024-09-12 20:31:32] - INFO: 计算结果保存在：
[2024-09-12 20:31:32] - INFO: 计算结果保存在：
[2024-09-12 20:31:32] - INFO: 计算结果保存在：
[2024-09-12 20:31:32] - INFO: 计算结果保存在：
[2024-09-12 20:31:32] - INFO: 计算结果保存在：
[2024-09-12 20:31:32] - INFO: 计算结果保存在：
[2024-09-12 20:31:32] - INFO: 计算结果保存在：
[2024-09-12 20:31:32] - INFO: 计算结果保存在：
[2024-09-12 20:31:32] - INFO: 计算结果保存在：
[2024-09-12 20:31:32] - INFO: 计算结果保存在：
[2024-09-12 20:31:32] - INFO: D:/Research/Sanitation/assessment/result\planning_result.shp
[2024-09-12 20:31:32] - INFO: D:/Research/Sanitation/assessment/result\planning_result.shp
[2024-09-12 20:31:32] - INFO: D:/Research/Sanitation/assessment/result\planning_result.shp
[2024-09-12 20:31:32] - INFO: D:/Research/Sanitation/assessment/result\planning_result.shp
[2024-09-12 20:31:32] - INFO: D:/Research/Sanitation/assessment/result\planning_result.shp
[2024-09-12 20:31:32] - INFO: D:/Research/Sanitation/assessment/result\planning_result.shp
[2024-09-12 20:31:32] - INFO: D:/Research/Sanitation/assessment/result\planning_result.shp
[2024-09-12 20:31:32] - INFO: D:/Research/Sanitation/assessment/result\planning_result.shp
[2024-09-12 20:31:32] - INFO: D:/Research/Sanitation/assessment/result\planning_result.shp
[2024-09-12 20:31:32] - INFO: D:/Research/Sanitation/assessment/result\planning_result.shp
[2024-09-12 20:31:32] - INFO: 程序运行总时间：
[2024-09-12 20:31:32] - INFO: 程序运行总时间：
[2024-09-12 20:31:32] - INFO: 程序运行总时间：
[2024-09-12 20:31:32] - INFO: 程序运行总时间：
[2024-09-12 20:31:32] - INFO: 程序运行总时间：
[2024-09-12 20:31:32] - INFO: 程序运行总时间：
[2024-09-12 20:31:32] - INFO: 程序运行总时间：
[2024-09-12 20:31:32] - INFO: 程序运行总时间：
[2024-09-12 20:31:32] - INFO: 程序运行总时间：
[2024-09-12 20:31:32] - INFO: 程序运行总时间：
[2024-09-12 20:31:32] - INFO: 59.5859999657
[2024-09-12 20:31:32] - INFO: 59.5859999657
[2024-09-12 20:31:32] - INFO: 59.5859999657
[2024-09-12 20:31:32] - INFO: 59.5859999657
[2024-09-12 20:31:32] - INFO: 59.5859999657
[2024-09-12 20:31:32] - INFO: 59.5859999657
[2024-09-12 20:31:32] - INFO: 59.5859999657
[2024-09-12 20:31:32] - INFO: 59.5859999657
[2024-09-12 20:31:32] - INFO: 59.5859999657
[2024-09-12 20:31:32] - INFO: 59.5859999657
